<?xml version="1.0" encoding="UTF-8"?>
<!-- Generated by org.testng.reporters.JUnitXMLReporter -->
<testsuite ignored="0" hostname="DESKTOP-AC7G0VU" failures="0" tests="5" name="Surefire test" time="0.05" errors="0" timestamp="2020-11-18T21:44:05 EST">
  <testcase classname="qaclickacademy.Mavenjava.AppiumTest" name="IOSApp" time="0.005"/>
  <testcase classname="qaclickacademy.Mavenjava.AppiumTest" name="NativeAndroid" time="0.001"/>
  <testcase classname="qaclickacademy.Mavenjava.RESTAPITest" name="PostJira" time="0.0"/>
  <testcase classname="qaclickacademy.Mavenjava.RESTAPITest" name="deltweeter" time="0.001"/>
  <testcase classname="qaclickacademy.Mavenjava.SeleniumTest" name="BrowserAutomation" time="0.0"/>
</testsuite> <!-- Surefire test -->
