<?xml version="1.0" encoding="UTF-8"?>
<!-- Generated by org.testng.reporters.JUnitXMLReporter -->
<testsuite ignored="0" hostname="DESKTOP-AC7G0VU" failures="0" tests="3" name="Test" time="0.041" errors="0" timestamp="2020-11-19T11:48:32 EST">
  <testcase classname="qaclickacademy.Mavenjava.RESTAPITest" name="PostJira" time="0.004"/>
  <testcase classname="qaclickacademy.Mavenjava.RESTAPITest" name="deltweeter" time="0.0"/>
  <testcase classname="qaclickacademy.Mavenjava.SeleniumTest" name="BrowserAutomation" time="0.0"/>
</testsuite> <!-- Test -->
